"02.02.2004 at 19:37:00, Code : ***********************************************************"
"02.02.2004 at 19:37:00, Code : Starting program..."
"02.02.2004 at 19:37:00, Code 0: button namer: "
"02.02.2004 at 19:37:00, Code 0: button namer: "
"02.02.2004 at 19:37:00, Code 0: button namer: "
"02.02.2004 at 19:37:00, Code 0: button namer: "
"02.02.2004 at 19:37:00, Code 0: button namer: "
"02.02.2004 at 19:37:00, Code 0: button namer: "
"02.02.2004 at 19:37:00, Code 0: button namer: "
"02.02.2004 at 19:37:00, Code 0: button namer: "
"02.02.2004 at 19:37:00, Code 0: button namer: "
"02.02.2004 at 19:37:00, Code 0: button namer: "
"02.02.2004 at 19:37:02, Code : Program normal exit"
"02.02.2004 at 19:37:02, Code : ***********************************************************"
"02.02.2004 at 19:37:36, Code : ***********************************************************"
"02.02.2004 at 19:37:36, Code : Starting program..."
"02.02.2004 at 19:38:49, Code : ***********************************************************"
"02.02.2004 at 19:38:49, Code : Starting program..."
"02.02.2004 at 19:40:01, Code : ***********************************************************"
"02.02.2004 at 19:40:01, Code : Starting program..."
"02.02.2004 at 19:40:08, Code : Program normal exit"
"02.02.2004 at 19:40:08, Code : ***********************************************************"
"02.02.2004 at 19:40:32, Code : ***********************************************************"
"02.02.2004 at 19:40:32, Code : Starting program..."
"02.02.2004 at 19:40:33, Code : Program normal exit"
"02.02.2004 at 19:40:33, Code : ***********************************************************"
"02.02.2004 at 19:40:52, Code : ***********************************************************"
"02.02.2004 at 19:40:52, Code : Starting program..."
"02.02.2004 at 19:40:58, Code : Program normal exit"
"02.02.2004 at 19:40:58, Code : ***********************************************************"
"02.02.2004 at 19:44:02, Code : ***********************************************************"
"02.02.2004 at 19:44:02, Code : Starting program..."
"02.02.2004 at 19:44:17, Code : Program normal exit"
"02.02.2004 at 19:44:17, Code : ***********************************************************"
"02.02.2004 at 19:44:35, Code : ***********************************************************"
"02.02.2004 at 19:44:35, Code : Starting program..."
"02.02.2004 at 19:44:42, Code : Program normal exit"
"02.02.2004 at 19:44:42, Code : ***********************************************************"
"02.02.2004 at 19:44:44, Code : ***********************************************************"
"02.02.2004 at 19:44:44, Code : Starting program..."
"02.02.2004 at 19:44:48, Code : Program normal exit"
"02.02.2004 at 19:44:48, Code : ***********************************************************"
"02.02.2004 at 19:44:51, Code : ***********************************************************"
"02.02.2004 at 19:44:51, Code : Starting program..."
"02.02.2004 at 19:44:52, Code : Program normal exit"
"02.02.2004 at 19:44:52, Code : ***********************************************************"
"02.02.2004 at 19:46:50, Code : ***********************************************************"
"02.02.2004 at 19:46:50, Code : Starting program..."
"02.02.2004 at 19:46:57, Code : Program normal exit"
"02.02.2004 at 19:46:57, Code : ***********************************************************"
"02.02.2004 at 19:48:26, Code : ***********************************************************"
"02.02.2004 at 19:48:26, Code : Starting program..."
"02.02.2004 at 19:48:41, Code : Program normal exit"
"02.02.2004 at 19:48:41, Code : ***********************************************************"
"02.02.2004 at 19:49:08, Code : ***********************************************************"
"02.02.2004 at 19:49:08, Code : Starting program..."
"02.02.2004 at 19:49:19, Code : Program normal exit"
"02.02.2004 at 19:49:19, Code : ***********************************************************"
"02.02.2004 at 19:51:00, Code : ***********************************************************"
"02.02.2004 at 19:51:00, Code : Starting program..."
"02.02.2004 at 19:51:27, Code : Program normal exit"
"02.02.2004 at 19:51:27, Code : ***********************************************************"
"02.02.2004 at 19:51:57, Code : ***********************************************************"
"02.02.2004 at 19:51:57, Code : Starting program..."
"02.02.2004 at 19:52:10, Code : Program normal exit"
"02.02.2004 at 19:52:10, Code : ***********************************************************"
"02.02.2004 at 19:53:28, Code : ***********************************************************"
"02.02.2004 at 19:53:28, Code : Starting program..."
"02.02.2004 at 19:53:40, Code : Program normal exit"
"02.02.2004 at 19:53:40, Code : ***********************************************************"
"02.02.2004 at 19:55:33, Code : ***********************************************************"
"02.02.2004 at 19:55:33, Code : Starting program..."
"02.02.2004 at 19:55:39, Code : Program normal exit"
"02.02.2004 at 19:55:39, Code : ***********************************************************"
"02.02.2004 at 19:55:45, Code : ***********************************************************"
"02.02.2004 at 19:55:45, Code : Starting program..."
"02.02.2004 at 19:55:55, Code : Program normal exit"
"02.02.2004 at 19:55:55, Code : ***********************************************************"
"02.02.2004 at 19:56:14, Code : ***********************************************************"
"02.02.2004 at 19:56:14, Code : Starting program..."
"02.02.2004 at 19:56:31, Code : Program normal exit"
"02.02.2004 at 19:56:31, Code : ***********************************************************"
"02.02.2004 at 19:56:36, Code : ***********************************************************"
"02.02.2004 at 19:56:36, Code : Starting program..."
"02.02.2004 at 19:56:43, Code : Program normal exit"
"02.02.2004 at 19:56:43, Code : ***********************************************************"
"02.02.2004 at 19:59:25, Code : ***********************************************************"
"02.02.2004 at 19:59:25, Code : Starting program..."
"02.02.2004 at 19:59:28, Code : Program normal exit"
"02.02.2004 at 19:59:28, Code : ***********************************************************"
"02.02.2004 at 19:59:56, Code : ***********************************************************"
"02.02.2004 at 19:59:56, Code : Starting program..."
"02.02.2004 at 20:00:03, Code : Program normal exit"
"02.02.2004 at 20:00:03, Code : ***********************************************************"
"02.02.2004 at 20:01:12, Code : ***********************************************************"
"02.02.2004 at 20:01:12, Code : Starting program..."
"02.02.2004 at 20:01:23, Code Bass, code: 2A távolban lévo fájl nem megnyitható: , Hiba"
"02.02.2004 at 20:01:57, Code : Program normal exit"
"02.02.2004 at 20:01:57, Code : ***********************************************************"
"02.02.2004 at 20:07:13, Code : ***********************************************************"
"02.02.2004 at 20:07:13, Code : Starting program..."
"02.02.2004 at 20:07:19, Code : Program normal exit"
"02.02.2004 at 20:07:19, Code : ***********************************************************"
"02.02.2004 at 20:23:35, Code : ***********************************************************"
"02.02.2004 at 20:23:35, Code : Starting program..."
"02.02.2004 at 20:23:41, Code : Program normal exit"
"02.02.2004 at 20:23:41, Code : ***********************************************************"
"02.02.2004 at 20:23:42, Code : ***********************************************************"
"02.02.2004 at 20:23:42, Code : Starting program..."
"02.02.2004 at 20:23:56, Code : Program normal exit"
"02.02.2004 at 20:23:56, Code : ***********************************************************"
"02.02.2004 at 20:25:13, Code : ***********************************************************"
"02.02.2004 at 20:25:13, Code : Starting program..."
"02.02.2004 at 20:25:19, Code : Program normal exit"
"02.02.2004 at 20:25:19, Code : ***********************************************************"
"02.02.2004 at 20:25:35, Code : ***********************************************************"
"02.02.2004 at 20:25:35, Code : Starting program..."
"02.02.2004 at 20:25:41, Code : Program normal exit"
"02.02.2004 at 20:25:41, Code : ***********************************************************"
"02.02.2004 at 20:25:46, Code : ***********************************************************"
"02.02.2004 at 20:25:46, Code : Starting program..."
"02.02.2004 at 20:25:48, Code : Program normal exit"
"02.02.2004 at 20:25:48, Code : ***********************************************************"
"02.02.2004 at 20:27:11, Code : ***********************************************************"
"02.02.2004 at 20:27:11, Code : Starting program..."
"02.02.2004 at 20:27:29, Code : Program normal exit"
"02.02.2004 at 20:27:29, Code : ***********************************************************"
"02.02.2004 at 20:28:13, Code : ***********************************************************"
"02.02.2004 at 20:28:13, Code : Starting program..."
"02.02.2004 at 20:28:33, Code : Program normal exit"
"02.02.2004 at 20:28:33, Code : ***********************************************************"
"02.02.2004 at 20:29:55, Code : ***********************************************************"
"02.02.2004 at 20:29:55, Code : Starting program..."
"02.02.2004 at 20:30:07, Code : Program normal exit"
"02.02.2004 at 20:30:07, Code : ***********************************************************"
"02.02.2004 at 20:30:15, Code : ***********************************************************"
"02.02.2004 at 20:30:15, Code : Starting program..."
"02.02.2004 at 20:30:26, Code : Program normal exit"
"02.02.2004 at 20:30:26, Code : ***********************************************************"
"04.02.2004 at 08:32:39, Code : ***********************************************************"
"04.02.2004 at 08:32:39, Code : Starting program..."
"04.02.2004 at 08:34:52, Code : Program normal exit"
"04.02.2004 at 08:34:52, Code : ***********************************************************"
"23.03.2004 at 19:30:18, Code : ***********************************************************"
"23.03.2004 at 19:30:18, Code : Starting program..."
"26.03.2004 at 10:30:20, Code : ***********************************************************"
"26.03.2004 at 10:30:20, Code : Starting program..."
"26.03.2004 at 10:30:54, Code : Program normal exit"
"26.03.2004 at 10:30:54, Code : ***********************************************************"
"28.03.2004 at 01:21:39, Code : ***********************************************************"
"28.03.2004 at 01:21:39, Code : Starting program..."
"28.03.2004 at 01:21:57, Code : Program normal exit"
"28.03.2004 at 01:21:57, Code : ***********************************************************"
"28.03.2004 at 01:35:30, Code : ***********************************************************"
"28.03.2004 at 01:35:30, Code : Starting program..."
"28.03.2004 at 01:36:11, Code : Program normal exit"
"28.03.2004 at 01:36:11, Code : ***********************************************************"
"14.04.2004 at 18:27:07, Code : ***********************************************************"
"14.04.2004 at 18:27:07, Code : Starting program..."
"14.04.2004 at 18:27:18, Code : Program normal exit"
"14.04.2004 at 18:27:18, Code : ***********************************************************"
"14.04.2004 at 19:05:35, Code : ***********************************************************"
"14.04.2004 at 19:05:35, Code : Starting program..."
"14.04.2004 at 19:05:38, Code : Program normal exit"
"14.04.2004 at 19:05:38, Code : ***********************************************************"
"2004.05.04. at 17:52:48, Code : ***********************************************************"
"2004.05.04. at 17:52:48, Code : Starting program..."
"2004.05.04. at 17:54:48, Code : Program normal exit"
"2004.05.04. at 17:54:48, Code : ***********************************************************"
"2004.05.04. at 17:56:25, Code : ***********************************************************"
"2004.05.04. at 17:56:25, Code : Starting program..."
"2004.05.04. at 17:56:52, Code : Program normal exit"
"2004.05.04. at 17:56:52, Code : ***********************************************************"
"2004.05.04. at 17:56:58, Code : ***********************************************************"
"2004.05.04. at 17:56:58, Code : Starting program..."
"2004.05.04. at 17:57:05, Code : Program normal exit"
"2004.05.04. at 17:57:05, Code : ***********************************************************"
"2004.05.04. at 17:58:16, Code : ***********************************************************"
"2004.05.04. at 17:58:16, Code : Starting program..."
"2004.05.04. at 17:58:42, Code : Program normal exit"
"2004.05.04. at 17:58:42, Code : ***********************************************************"
"2004.05.16. at 18:32:48, Code : ***********************************************************"
"2004.05.16. at 18:32:48, Code : Starting program..."
"2004.05.16. at 18:32:54, Code : Program normal exit"
"2004.05.16. at 18:32:54, Code : ***********************************************************"
"2004.05.19. at 19:53:12, Code : ***********************************************************"
"2004.05.19. at 19:53:12, Code : Starting program..."
"2004.05.19. at 19:55:29, Code : ***********************************************************"
"2004.05.19. at 19:55:29, Code : Starting program..."
"2004.05.19. at 19:55:41, Code : Program normal exit"
"2004.05.19. at 19:55:41, Code : ***********************************************************"
"2004.05.19. at 19:56:39, Code : ***********************************************************"
"2004.05.19. at 19:56:39, Code : Starting program..."
"2004.05.19. at 19:57:01, Code : Program normal exit"
"2004.05.19. at 19:57:01, Code : ***********************************************************"
"2004.06.12. at 13:30:54, Code : ***********************************************************"
"2004.06.12. at 13:30:54, Code : Starting program..."
"2004.06.12. at 13:31:06, Code : Program normal exit"
"2004.06.12. at 13:31:06, Code : ***********************************************************"
"2004.07.03. at 7:58:01, Code : ***********************************************************"
"2004.07.03. at 7:58:02, Code : Starting program..."
"2004.07.03. at 7:58:06, Code : Program normal exit"
"2004.07.03. at 7:58:06, Code : ***********************************************************"
"2004.12.07. at 21:48:57, Code : ***********************************************************"
"2004.12.07. at 21:48:57, Code : Starting program..."
"2004.12.07. at 21:49:01, Code : Program normal exit"
"2004.12.07. at 21:49:01, Code : ***********************************************************"
"2004.12.07. at 21:49:58, Code : ***********************************************************"
"2004.12.07. at 21:49:58, Code : Starting program..."
"2004.12.07. at 21:50:09, Code : Program normal exit"
"2004.12.07. at 21:50:09, Code : ***********************************************************"
"2004.12.07. at 21:52:51, Code : ***********************************************************"
"2004.12.07. at 21:52:51, Code : Starting program..."
"2004.12.07. at 21:53:07, Code : Program normal exit"
"2004.12.07. at 21:53:07, Code : ***********************************************************"
"2004.12.07. at 21:53:09, Code : ***********************************************************"
"2004.12.07. at 21:53:09, Code : Starting program..."
"2004.12.07. at 21:53:11, Code : Program normal exit"
"2004.12.07. at 21:53:11, Code : ***********************************************************"
"2004.12.07. at 21:53:14, Code : ***********************************************************"
"2004.12.07. at 21:53:14, Code : Starting program..."
"2004.12.07. at 21:53:21, Code : Program normal exit"
"2004.12.07. at 21:53:21, Code : ***********************************************************"
"2004.12.07. at 21:56:00, Code : ***********************************************************"
"2004.12.07. at 21:56:00, Code : Starting program..."
"2004.12.07. at 21:56:29, Code : Program normal exit"
"2004.12.07. at 21:56:29, Code : ***********************************************************"
"2004.12.09. at 13:08:50, Code : ***********************************************************"
"2004.12.09. at 13:08:50, Code : Starting program..."
"2004.12.09. at 13:08:50, Code bass21.dll:  BASS version 2.0 was not loaded"
"2004.12.09. at 13:09:44, Code : ***********************************************************"
"2004.12.09. at 13:09:44, Code : Starting program..."
"2004.12.09. at 13:09:44, Code bass21.dll:  BASS version 2.1 was not loaded"
"2004.12.09. at 13:10:10, Code : ***********************************************************"
"2004.12.09. at 13:10:10, Code : Starting program..."
"2004.12.09. at 13:10:10, Code Device: 1:  Couldn't initialize Digital Output for the selected device. Using previously selected one."
"2004.12.09. at 13:10:12, Code Device: 1:  Couldn't initialize Digital Output for the previous device. Using first."
"2004.12.09. at 13:10:13, Code Device: 1:  Couldn't initialize Digital Output for the first device. Something's really wrong, check your system. Now running without sound."
"2004.12.09. at 13:10:14, Code Bass, code: 37: , Can't create stream when opening palette, btNum = 0"
"2004.12.09. at 13:10:14, Code Bass, code: 37: , Can't create stream when opening palette, btNum = 1"
"2004.12.09. at 13:10:14, Code Bass, code: 37: , Can't create stream when opening palette, btNum = 2"
"2004.12.09. at 13:10:27, Code : Program normal exit"
"2004.12.09. at 13:10:27, Code : ***********************************************************"
"2004.12.09. at 16:07:44, Code : ***********************************************************"
"2004.12.09. at 16:07:44, Code : Starting program..."
"2004.12.09. at 16:08:11, Code : Program normal exit"
"2004.12.09. at 16:08:11, Code : ***********************************************************"
"2004.12.09. at 16:08:35, Code : ***********************************************************"
"2004.12.09. at 16:08:35, Code : Starting program..."
"2004.12.09. at 16:09:00, Code : Program normal exit"
"2004.12.09. at 16:09:00, Code : ***********************************************************"
"2004.12.09. at 16:09:43, Code : ***********************************************************"
"2004.12.09. at 16:09:43, Code : Starting program..."
"2004.12.09. at 16:10:47, Code : Program normal exit"
"2004.12.09. at 16:10:47, Code : ***********************************************************"
"2004.12.09. at 16:12:18, Code : ***********************************************************"
"2004.12.09. at 16:12:18, Code : Starting program..."
"2004.12.09. at 16:14:08, Code : Program normal exit"
"2004.12.09. at 16:14:08, Code : ***********************************************************"
"2004.12.09. at 16:14:38, Code : ***********************************************************"
"2004.12.09. at 16:14:39, Code : Starting program..."
"2004.12.09. at 16:16:29, Code : ***********************************************************"
"2004.12.09. at 16:16:29, Code : Starting program..."
"2004.12.09. at 16:24:50, Code : ***********************************************************"
"2004.12.09. at 16:24:50, Code : Starting program..."
"2004.12.09. at 16:26:30, Code : Program normal exit"
"2004.12.09. at 16:26:30, Code : ***********************************************************"
"2004.12.09. at 16:27:32, Code : ***********************************************************"
"2004.12.09. at 16:27:32, Code : Starting program..."
"2004.12.09. at 16:27:53, Code : Program normal exit"
"2004.12.09. at 16:27:53, Code : ***********************************************************"
"2004.12.09. at 16:28:04, Code : ***********************************************************"
"2004.12.09. at 16:28:04, Code : Starting program..."
"2004.12.09. at 16:28:07, Code : Program normal exit"
"2004.12.09. at 16:28:07, Code : ***********************************************************"
"2004.12.09. at 16:28:29, Code : ***********************************************************"
"2004.12.09. at 16:28:29, Code : Starting program..."
"2004.12.09. at 16:30:08, Code : Program normal exit"
"2004.12.09. at 16:30:08, Code : ***********************************************************"
"2004.12.09. at 16:34:54, Code : ***********************************************************"
"2004.12.09. at 16:34:54, Code : Starting program..."
"2004.12.09. at 16:34:59, Code : Program normal exit"
"2004.12.09. at 16:34:59, Code : ***********************************************************"
"2004.12.09. at 16:38:13, Code : ***********************************************************"
"2004.12.09. at 16:38:13, Code : Starting program..."
"2004.12.09. at 16:38:28, Code : Program normal exit"
"2004.12.09. at 16:38:28, Code : ***********************************************************"
"2004.12.09. at 16:40:15, Code : ***********************************************************"
"2004.12.09. at 16:40:15, Code : Starting program..."
"2004.12.09. at 16:41:25, Code : Program normal exit"
"2004.12.09. at 16:41:25, Code : ***********************************************************"
"2004.12.09. at 18:19:15, Code : ***********************************************************"
"2004.12.09. at 18:19:15, Code : Starting program..."
"2004.12.09. at 18:19:23, Code : Program normal exit"
"2004.12.09. at 18:19:23, Code : ***********************************************************"
"2004.12.11. at 20:54:57, Code : ***********************************************************"
"2004.12.11. at 20:54:57, Code : Starting program..."
"2004.12.11. at 20:55:06, Code : Program normal exit"
"2004.12.11. at 20:55:07, Code : ***********************************************************"
"2004.12.11. at 20:58:30, Code : ***********************************************************"
"2004.12.11. at 20:58:30, Code : Starting program..."
"2004.12.11. at 21:02:43, Code : Program normal exit"
"2004.12.11. at 21:02:43, Code : ***********************************************************"
"2004.12.11. at 21:07:55, Code : ***********************************************************"
"2004.12.11. at 21:07:55, Code : Starting program..."
"2004.12.11. at 21:08:25, Code : Program normal exit"
"2004.12.11. at 21:08:25, Code : ***********************************************************"
"2004.12.11. at 21:08:28, Code : ***********************************************************"
"2004.12.11. at 21:08:28, Code : Starting program..."
"2004.12.11. at 21:08:33, Code : Program normal exit"
"2004.12.11. at 21:08:33, Code : ***********************************************************"
"2004.12.11. at 21:11:32, Code : ***********************************************************"
"2004.12.11. at 21:11:32, Code : Starting program..."
"2004.12.11. at 21:11:54, Code : Program normal exit"
"2004.12.11. at 21:11:54, Code : ***********************************************************"
"2004.12.11. at 21:13:13, Code : ***********************************************************"
"2004.12.11. at 21:13:13, Code : Starting program..."
"2004.12.11. at 21:13:21, Code : Program normal exit"
"2004.12.11. at 21:13:21, Code : ***********************************************************"
"2004.12.11. at 21:14:13, Code : ***********************************************************"
"2004.12.11. at 21:14:13, Code : Starting program..."
"2004.12.11. at 21:14:25, Code : Program normal exit"
"2004.12.11. at 21:14:25, Code : ***********************************************************"
"2004.12.11. at 21:15:53, Code : ***********************************************************"
"2004.12.11. at 21:15:53, Code : Starting program..."
"2004.12.11. at 21:16:29, Code : Program normal exit"
"2004.12.11. at 21:16:29, Code : ***********************************************************"
"2004.12.11. at 21:31:10, Code : ***********************************************************"
"2004.12.11. at 21:31:10, Code : Starting program..."
"2004.12.11. at 21:32:04, Code : ***********************************************************"
"2004.12.11. at 21:32:04, Code : Starting program..."
"2004.12.11. at 21:32:12, Code : Program normal exit"
"2004.12.11. at 21:32:12, Code : ***********************************************************"
"2004.12.11. at 21:32:20, Code : ***********************************************************"
"2004.12.11. at 21:32:20, Code : Starting program..."
"2004.12.11. at 21:32:24, Code : Program normal exit"
"2004.12.11. at 21:32:25, Code : ***********************************************************"
"2004.12.11. at 21:32:33, Code : ***********************************************************"
"2004.12.11. at 21:32:33, Code : Starting program..."
"2004.12.11. at 21:32:36, Code : Program normal exit"
"2004.12.11. at 21:32:36, Code : ***********************************************************"
"2004.12.11. at 21:32:52, Code : ***********************************************************"
"2004.12.11. at 21:32:52, Code : Starting program..."
"2004.12.11. at 21:32:56, Code : Program normal exit"
"2004.12.11. at 21:32:56, Code : ***********************************************************"
"2004.12.11. at 21:37:39, Code : ***********************************************************"
"2004.12.11. at 21:37:39, Code : Starting program..."
"2004.12.11. at 21:38:02, Code : Program normal exit"
"2004.12.11. at 21:38:02, Code : ***********************************************************"
"2004.12.11. at 21:38:12, Code : ***********************************************************"
"2004.12.11. at 21:38:12, Code : Starting program..."
"2004.12.11. at 21:38:23, Code : Program normal exit"
"2004.12.11. at 21:38:23, Code : ***********************************************************"
"2004.12.11. at 21:39:13, Code : ***********************************************************"
"2004.12.11. at 21:39:13, Code : Starting program..."
"2004.12.11. at 21:39:25, Code : Program normal exit"
"2004.12.11. at 21:39:25, Code : ***********************************************************"
"2004.12.11. at 21:40:37, Code : ***********************************************************"
"2004.12.11. at 21:40:38, Code : Starting program..."
"2004.12.11. at 21:40:50, Code : Program normal exit"
"2004.12.11. at 21:40:50, Code : ***********************************************************"
"2004.12.11. at 21:41:04, Code : ***********************************************************"
"2004.12.11. at 21:41:04, Code : Starting program..."
"2004.12.11. at 21:41:12, Code : Program normal exit"
"2004.12.11. at 21:41:12, Code : ***********************************************************"
"2004.12.11. at 21:43:10, Code : ***********************************************************"
"2004.12.11. at 21:43:10, Code : Starting program..."
"2004.12.11. at 21:43:26, Code : Program normal exit"
"2004.12.11. at 21:43:26, Code : ***********************************************************"
"2004.12.11. at 21:47:58, Code : ***********************************************************"
"2004.12.11. at 21:47:58, Code : Starting program..."
"2004.12.11. at 21:48:17, Code : ***********************************************************"
"2004.12.11. at 21:48:17, Code : Starting program..."
"2004.12.11. at 21:49:00, Code : Program normal exit"
"2004.12.11. at 21:49:00, Code : ***********************************************************"
"2004.12.11. at 21:49:06, Code : ***********************************************************"
"2004.12.11. at 21:49:06, Code : Starting program..."
"2004.12.11. at 21:49:20, Code : ***********************************************************"
"2004.12.11. at 21:49:20, Code : Starting program..."
"2004.12.11. at 21:49:37, Code : Program normal exit"
"2004.12.11. at 21:49:37, Code : ***********************************************************"
"2004.12.11. at 21:49:38, Code : ***********************************************************"
"2004.12.11. at 21:49:38, Code : Starting program..."
"2004.12.11. at 21:50:02, Code : Program normal exit"
"2004.12.11. at 21:50:02, Code : ***********************************************************"
"2004.12.11. at 21:50:06, Code : ***********************************************************"
"2004.12.11. at 21:50:06, Code : Starting program..."
"2004.12.11. at 21:50:20, Code : Program normal exit"
"2004.12.11. at 21:50:20, Code : ***********************************************************"
"2004.12.11. at 21:50:21, Code : ***********************************************************"
"2004.12.11. at 21:50:21, Code : Starting program..."
"2004.12.11. at 21:50:25, Code : Program normal exit"
"2004.12.11. at 21:50:25, Code : ***********************************************************"
"2004.12.11. at 21:51:23, Code : ***********************************************************"
"2004.12.11. at 21:51:23, Code : Starting program..."
"2004.12.11. at 21:51:51, Code : Program normal exit"
"2004.12.11. at 21:51:51, Code : ***********************************************************"
"2004.12.16. at 10:27:12, Code : ***********************************************************"
"2004.12.16. at 10:27:12, Code : Starting program..."
"2004.12.16. at 10:37:47, Code : Program normal exit"
"2004.12.16. at 10:37:47, Code : ***********************************************************"
"2004.12.17. at 10:37:53, Code : ***********************************************************"
"2004.12.17. at 10:37:53, Code : Starting program..."
"2004.12.17. at 11:07:38, Code : Program normal exit"
"2004.12.17. at 11:07:38, Code : ***********************************************************"
"2004.12.18. at 9:36:39, Code : ***********************************************************"
"2004.12.18. at 9:36:39, Code : Starting program..."
"2004.12.18. at 9:36:59, Code : Program normal exit"
"2004.12.18. at 9:36:59, Code : ***********************************************************"
"2004.12.18. at 10:22:06, Code : ***********************************************************"
"2004.12.18. at 10:22:06, Code : Starting program..."
"2004.12.18. at 10:22:28, Code : Program normal exit"
"2004.12.18. at 10:22:28, Code : ***********************************************************"
"2004.12.18. at 10:23:34, Code : ***********************************************************"
"2004.12.18. at 10:23:34, Code : Starting program..."
"2004.12.18. at 10:23:45, Code : Program normal exit"
"2004.12.18. at 10:23:45, Code : ***********************************************************"
"2004.12.18. at 10:56:08, Code : ***********************************************************"
"2004.12.18. at 10:56:08, Code : Starting program..."
"2004.12.18. at 10:56:11, Code : Program normal exit"
"2004.12.18. at 10:56:11, Code : ***********************************************************"
"2004.12.18. at 11:01:57, Code : ***********************************************************"
"2004.12.18. at 11:01:57, Code : Starting program..."
"2004.12.18. at 11:02:16, Code : Program normal exit"
"2004.12.18. at 11:02:16, Code : ***********************************************************"
"2004.12.18. at 11:02:34, Code : ***********************************************************"
"2004.12.18. at 11:02:34, Code : Starting program..."
"2004.12.18. at 11:02:38, Code : Program normal exit"
"2004.12.18. at 11:02:38, Code : ***********************************************************"
"2004.12.18. at 11:03:38, Code : ***********************************************************"
"2004.12.18. at 11:03:38, Code : Starting program..."
"2004.12.18. at 11:03:49, Code : Program normal exit"
"2004.12.18. at 11:03:49, Code : ***********************************************************"
"2004.12.18. at 11:03:58, Code : ***********************************************************"
"2004.12.18. at 11:03:58, Code : Starting program..."
"2004.12.18. at 11:05:11, Code : Program normal exit"
"2004.12.18. at 11:05:11, Code : ***********************************************************"
"2004.12.18. at 11:28:29, Code : ***********************************************************"
"2004.12.18. at 11:28:29, Code : Starting program..."
"2004.12.18. at 11:28:40, Code : Program normal exit"
"2004.12.18. at 11:28:40, Code : ***********************************************************"
"2004.12.18. at 11:30:04, Code : ***********************************************************"
"2004.12.18. at 11:30:04, Code : Starting program..."
"2004.12.18. at 11:30:10, Code : Program normal exit"
"2004.12.18. at 11:30:10, Code : ***********************************************************"
"2004.12.18. at 11:30:13, Code : ***********************************************************"
"2004.12.18. at 11:30:13, Code : Starting program..."
"2004.12.18. at 11:30:59, Code Bass, code: 2: , Can't create stream for time announce signal"
"2004.12.18. at 11:31:00, Code Bass, code: 2: , Can't create stream for time announce signal"
"2004.12.18. at 11:31:01, Code Bass, code: 2: , Can't create stream for time announce signal"
"2004.12.18. at 11:31:01, Code Bass, code: 2: , Can't create stream for time announce signal"
"2004.12.18. at 11:31:01, Code Bass, code: 2: , Can't create stream for time announce signal"
"2004.12.18. at 11:31:01, Code Bass, code: 2: , Can't create stream for time announce signal"
"2004.12.18. at 11:31:02, Code Bass, code: 2: , Can't create stream for time announce signal"
"2004.12.18. at 11:31:02, Code Bass, code: 2: , Can't create stream for time announce signal"
"2004.12.18. at 11:31:02, Code Bass, code: 2: , Can't create stream for time announce signal"
"2004.12.18. at 11:31:02, Code Bass, code: 2: , Can't create stream for time announce signal"
"2004.12.18. at 11:31:02, Code Bass, code: 2: , Can't create stream for time announce signal"
"2004.12.18. at 11:31:03, Code Bass, code: 2: , Can't create stream for time announce signal"
"2004.12.18. at 11:31:03, Code Bass, code: 2: , Can't create stream for time announce signal"
"2004.12.18. at 11:31:03, Code Bass, code: 2: , Can't create stream for time announce signal"
"2004.12.18. at 11:31:04, Code Bass, code: 2: , Can't create stream for time announce signal"
"2004.12.18. at 11:31:11, Code Bass, code: 2: , Can't create stream for time announce signal"
"2004.12.18. at 11:31:16, Code : Program normal exit"
"2004.12.18. at 11:31:16, Code : ***********************************************************"
"2004.12.18. at 11:32:40, Code : ***********************************************************"
"2004.12.18. at 11:32:40, Code : Starting program..."
"2004.12.18. at 11:33:08, Code : Program normal exit"
"2004.12.18. at 11:33:08, Code : ***********************************************************"
"2004.12.18. at 11:33:20, Code : ***********************************************************"
"2004.12.18. at 11:33:20, Code : Starting program..."
"2004.12.18. at 11:36:11, Code : Program normal exit"
"2004.12.18. at 11:36:11, Code : ***********************************************************"
"2004.12.18. at 11:38:33, Code : ***********************************************************"
"2004.12.18. at 11:38:33, Code : Starting program..."
"2004.12.18. at 11:39:30, Code : Program normal exit"
"2004.12.18. at 11:39:30, Code : ***********************************************************"
"2004.12.18. at 11:40:13, Code : ***********************************************************"
"2004.12.18. at 11:40:13, Code : Starting program..."
"2004.12.18. at 11:41:05, Code : Program normal exit"
"2004.12.18. at 11:41:05, Code : ***********************************************************"
"2004.12.18. at 11:42:59, Code : ***********************************************************"
"2004.12.18. at 11:42:59, Code : Starting program..."
"2004.12.18. at 11:44:12, Code : Program normal exit"
"2004.12.18. at 11:44:12, Code : ***********************************************************"
"2004.12.18. at 11:46:25, Code : ***********************************************************"
"2004.12.18. at 11:46:25, Code : Starting program..."
"2004.12.18. at 11:46:53, Code : Program normal exit"
"2004.12.18. at 11:46:53, Code : ***********************************************************"
"2004.12.18. at 11:51:27, Code : ***********************************************************"
"2004.12.18. at 11:51:27, Code : Starting program..."
"2004.12.18. at 11:51:52, Code : Program normal exit"
"2004.12.18. at 11:51:53, Code : ***********************************************************"
"2004.12.18. at 11:57:38, Code : ***********************************************************"
"2004.12.18. at 11:57:38, Code : Starting program..."
"2004.12.18. at 11:58:17, Code : Program normal exit"
"2004.12.18. at 11:58:17, Code : ***********************************************************"
"2004.12.18. at 11:58:56, Code : ***********************************************************"
"2004.12.18. at 11:58:56, Code : Starting program..."
"2004.12.18. at 11:59:16, Code : Program normal exit"
"2004.12.18. at 11:59:16, Code : ***********************************************************"
"2004.12.18. at 12:00:07, Code : ***********************************************************"
"2004.12.18. at 12:00:07, Code : Starting program..."
"2004.12.18. at 12:01:45, Code : Program normal exit"
"2004.12.18. at 12:01:45, Code : ***********************************************************"
"2004.12.18. at 12:12:06, Code : ***********************************************************"
"2004.12.18. at 12:12:06, Code : Starting program..."
"2004.12.18. at 12:12:49, Code : Program normal exit"
"2004.12.18. at 12:12:49, Code : ***********************************************************"
"2004.12.18. at 12:12:50, Code : ***********************************************************"
"2004.12.18. at 12:12:50, Code : Starting program..."
"2004.12.18. at 12:17:01, Code : Program normal exit"
"2004.12.18. at 12:17:01, Code : ***********************************************************"
"2004.12.18. at 12:20:25, Code : ***********************************************************"
"2004.12.18. at 12:20:25, Code : Starting program..."
"2004.12.18. at 12:20:48, Code : Program normal exit"
"2004.12.18. at 12:20:48, Code : ***********************************************************"
"2004.12.18. at 12:21:09, Code : ***********************************************************"
"2004.12.18. at 12:21:09, Code : Starting program..."
"2004.12.18. at 12:21:23, Code : Program normal exit"
"2004.12.18. at 12:21:23, Code : ***********************************************************"
"2004.12.18. at 12:21:24, Code : ***********************************************************"
"2004.12.18. at 12:21:24, Code : Starting program..."
"2004.12.18. at 12:21:49, Code : Program normal exit"
"2004.12.18. at 12:21:49, Code : ***********************************************************"
"2004.12.18. at 12:24:02, Code : ***********************************************************"
"2004.12.18. at 12:24:02, Code : Starting program..."
"2004.12.18. at 12:24:11, Code : Program normal exit"
"2004.12.18. at 12:24:11, Code : ***********************************************************"
"2004.12.18. at 12:24:43, Code : ***********************************************************"
"2004.12.18. at 12:24:43, Code : Starting program..."
"2004.12.18. at 12:24:49, Code : Program normal exit"
"2004.12.18. at 12:24:49, Code : ***********************************************************"
"2004.12.18. at 12:29:24, Code : ***********************************************************"
"2004.12.18. at 12:29:24, Code : Starting program..."
"2004.12.18. at 12:33:57, Code : ***********************************************************"
"2004.12.18. at 12:33:57, Code : Starting program..."
"2004.12.18. at 12:35:01, Code : Program normal exit"
"2004.12.18. at 12:35:01, Code : ***********************************************************"
"2004.12.18. at 16:26:30, Code : ***********************************************************"
"2004.12.18. at 16:26:30, Code : Starting program..."
"2004.12.18. at 16:26:46, Code : Program normal exit"
"2004.12.18. at 16:26:46, Code : ***********************************************************"
"2004.12.18. at 16:28:28, Code : ***********************************************************"
"2004.12.18. at 16:28:28, Code : Starting program..."
"2004.12.18. at 16:28:44, Code : Program normal exit"
"2004.12.18. at 16:28:44, Code : ***********************************************************"
"2004.12.18. at 16:30:12, Code : ***********************************************************"
"2004.12.18. at 16:30:12, Code : Starting program..."
"2004.12.18. at 16:30:53, Code : Program normal exit"
"2004.12.18. at 16:30:54, Code : ***********************************************************"
"2004.12.20. at 8:26:35, Code : ***********************************************************"
"2004.12.20. at 8:26:35, Code : Starting program..."
"2004.12.20. at 8:28:40, Code : ***********************************************************"
"2004.12.20. at 8:28:40, Code : Starting program..."
"2004.12.20. at 8:28:55, Code : Program normal exit"
"2004.12.20. at 8:28:55, Code : ***********************************************************"
"2004.12.20. at 8:29:09, Code : ***********************************************************"
"2004.12.20. at 8:29:09, Code : Starting program..."
"2004.12.20. at 8:29:37, Code : Program normal exit"
"2004.12.20. at 8:29:37, Code : ***********************************************************"
"2004.12.20. at 8:30:40, Code : ***********************************************************"
"2004.12.20. at 8:30:40, Code : Starting program..."
"2004.12.20. at 8:31:30, Code : Program normal exit"
"2004.12.20. at 8:31:30, Code : ***********************************************************"
"2004.12.20. at 8:31:32, Code : ***********************************************************"
"2004.12.20. at 8:31:32, Code : Starting program..."
"2004.12.20. at 8:32:21, Code : Program normal exit"
"2004.12.20. at 8:32:21, Code : ***********************************************************"
"2004.12.20. at 8:44:06, Code : ***********************************************************"
"2004.12.20. at 8:44:06, Code : Starting program..."
"2004.12.20. at 8:44:17, Code : Program normal exit"
"2004.12.20. at 8:44:17, Code : ***********************************************************"
"2004.12.20. at 8:44:22, Code : ***********************************************************"
"2004.12.20. at 8:44:22, Code : Starting program..."
"2004.12.20. at 8:44:39, Code : Program normal exit"
"2004.12.20. at 8:44:39, Code : ***********************************************************"
"2004.12.20. at 8:50:38, Code : ***********************************************************"
"2004.12.20. at 8:50:38, Code : Starting program..."
"2004.12.20. at 8:52:29, Code : ***********************************************************"
"2004.12.20. at 8:52:29, Code : Starting program..."
"2004.12.20. at 9:00:15, Code : ***********************************************************"
"2004.12.20. at 9:00:15, Code : Starting program..."
"2004.12.20. at 9:00:18, Code : Program normal exit"
"2004.12.20. at 9:00:18, Code : ***********************************************************"
"2004.12.20. at 9:00:58, Code : ***********************************************************"
"2004.12.20. at 9:00:58, Code : Starting program..."
"2004.12.20. at 9:01:06, Code : Program normal exit"
"2004.12.20. at 9:01:06, Code : ***********************************************************"
"2004.12.20. at 9:02:02, Code : ***********************************************************"
"2004.12.20. at 9:02:02, Code : Starting program..."
"2004.12.20. at 9:02:06, Code : Program normal exit"
"2004.12.20. at 9:02:06, Code : ***********************************************************"
"2004.12.20. at 9:02:13, Code : ***********************************************************"
"2004.12.20. at 9:02:13, Code : Starting program..."
"2004.12.20. at 9:02:23, Code : Program normal exit"
"2004.12.20. at 9:02:23, Code : ***********************************************************"
"2004.12.20. at 9:02:24, Code : ***********************************************************"
"2004.12.20. at 9:02:24, Code : Starting program..."
"2004.12.20. at 9:02:32, Code : Program normal exit"
"2004.12.20. at 9:02:32, Code : ***********************************************************"
"2004.12.20. at 9:02:36, Code : ***********************************************************"
"2004.12.20. at 9:02:36, Code : Starting program..."
"2004.12.20. at 9:02:40, Code : Program normal exit"
"2004.12.20. at 9:02:40, Code : ***********************************************************"
"2004.12.20. at 9:09:56, Code : ***********************************************************"
"2004.12.20. at 9:09:56, Code : Starting program..."
"2004.12.20. at 9:10:14, Code : Program normal exit"
"2004.12.20. at 9:10:14, Code : ***********************************************************"
"2004.12.20. at 9:11:08, Code : ***********************************************************"
"2004.12.20. at 9:11:08, Code : Starting program..."
"2004.12.20. at 9:11:35, Code : Program normal exit"
"2004.12.20. at 9:11:35, Code : ***********************************************************"
"2004.12.20. at 9:12:22, Code : ***********************************************************"
"2004.12.20. at 9:12:23, Code : Starting program..."
"2004.12.20. at 9:12:42, Code : Program normal exit"
"2004.12.20. at 9:12:42, Code : ***********************************************************"
"2004.12.20. at 9:12:49, Code : ***********************************************************"
"2004.12.20. at 9:12:49, Code : Starting program..."
"2004.12.20. at 9:12:51, Code : Program normal exit"
"2004.12.20. at 9:12:51, Code : ***********************************************************"
"2004.12.20. at 9:13:05, Code : ***********************************************************"
"2004.12.20. at 9:13:05, Code : Starting program..."
"2004.12.20. at 9:13:10, Code : Program normal exit"
"2004.12.20. at 9:13:10, Code : ***********************************************************"
"2004.12.20. at 9:18:53, Code : ***********************************************************"
"2004.12.20. at 9:18:53, Code : Starting program..."
"2004.12.20. at 9:19:05, Code : Program normal exit"
"2004.12.20. at 9:19:05, Code : ***********************************************************"
"2004.12.20. at 9:21:04, Code : ***********************************************************"
"2004.12.20. at 9:21:04, Code : Starting program..."
"2004.12.20. at 9:21:07, Code : Program normal exit"
"2004.12.20. at 9:21:07, Code : ***********************************************************"
"2004.12.20. at 9:21:20, Code : ***********************************************************"
"2004.12.20. at 9:21:20, Code : Starting program..."
"2004.12.20. at 9:21:25, Code : Program normal exit"
"2004.12.20. at 9:21:25, Code : ***********************************************************"
"2004.12.20. at 9:22:03, Code : ***********************************************************"
"2004.12.20. at 9:22:03, Code : Starting program..."
"2004.12.20. at 9:22:05, Code : Program normal exit"
"2004.12.20. at 9:22:05, Code : ***********************************************************"
"2004.12.20. at 9:22:12, Code : ***********************************************************"
"2004.12.20. at 9:22:12, Code : Starting program..."
"2004.12.20. at 9:22:30, Code : Program normal exit"
"2004.12.20. at 9:22:30, Code : ***********************************************************"
"2004.12.20. at 9:23:03, Code : ***********************************************************"
"2004.12.20. at 9:23:03, Code : Starting program..."
"2004.12.20. at 9:23:09, Code : Program normal exit"
"2004.12.20. at 9:23:09, Code : ***********************************************************"
"2004.12.20. at 9:24:32, Code : ***********************************************************"
"2004.12.20. at 9:24:32, Code : Starting program..."
"2004.12.20. at 9:24:40, Code : Program normal exit"
"2004.12.20. at 9:24:40, Code : ***********************************************************"
"2004.12.20. at 9:24:57, Code : ***********************************************************"
"2004.12.20. at 9:24:57, Code : Starting program..."
"2004.12.20. at 9:25:04, Code : Program normal exit"
"2004.12.20. at 9:25:04, Code : ***********************************************************"
"2004.12.20. at 9:58:10, Code : ***********************************************************"
"2004.12.20. at 9:58:10, Code : Starting program..."
"2004.12.20. at 9:58:41, Code : Program normal exit"
"2004.12.20. at 9:58:41, Code : ***********************************************************"
"2004.12.20. at 13:50:41, Code : ***********************************************************"
"2004.12.20. at 13:50:41, Code : Starting program..."
"2004.12.20. at 13:50:44, Code : Program normal exit"
"2004.12.20. at 13:50:44, Code : ***********************************************************"
"2004.12.20. at 13:52:38, Code : ***********************************************************"
"2004.12.20. at 13:52:38, Code : Starting program..."
"2004.12.20. at 13:52:40, Code : Program normal exit"
"2004.12.20. at 13:52:40, Code : ***********************************************************"
"2004.12.20. at 14:00:14, Code : ***********************************************************"
"2004.12.20. at 14:00:14, Code : Starting program..."
"2004.12.20. at 14:00:16, Code : Program normal exit"
"2004.12.20. at 14:00:17, Code : ***********************************************************"
"2004.12.20. at 14:00:18, Code : ***********************************************************"
"2004.12.20. at 14:00:18, Code : Starting program..."
"2004.12.20. at 14:00:28, Code : Program normal exit"
"2004.12.20. at 14:00:28, Code : ***********************************************************"
"2004.12.20. at 14:41:03, Code : ***********************************************************"
"2004.12.20. at 14:41:03, Code : Starting program..."
"2004.12.20. at 14:41:11, Code : Program normal exit"
"2004.12.20. at 14:41:11, Code : ***********************************************************"
"2004.12.20. at 14:42:35, Code : ***********************************************************"
"2004.12.20. at 14:42:35, Code : Starting program..."
"2004.12.20. at 14:42:54, Code : Program normal exit"
"2004.12.20. at 14:42:54, Code : ***********************************************************"
"2004.12.20. at 14:45:34, Code : ***********************************************************"
"2004.12.20. at 14:45:34, Code : Starting program..."
"2004.12.20. at 14:46:30, Code : Program normal exit"
"2004.12.20. at 14:46:30, Code : ***********************************************************"
"2004.12.21. at 11:49:11, Code : ***********************************************************"
"2004.12.21. at 11:49:11, Code : Starting program..."
"2004.12.21. at 11:49:30, Code : Program normal exit"
"2004.12.21. at 11:49:30, Code : ***********************************************************"
"2004.12.21. at 11:50:43, Code : ***********************************************************"
"2004.12.21. at 11:50:43, Code : Starting program..."
"2004.12.21. at 11:50:55, Code : Program normal exit"
"2004.12.21. at 11:50:55, Code : ***********************************************************"
"2004.12.21. at 11:54:21, Code : ***********************************************************"
"2004.12.21. at 11:54:21, Code : Starting program..."
"2004.12.21. at 11:56:11, Code : Program normal exit"
"2004.12.21. at 11:56:11, Code : ***********************************************************"
"2004.12.21. at 11:57:29, Code : ***********************************************************"
"2004.12.21. at 11:57:29, Code : Starting program..."
"2004.12.21. at 11:59:07, Code : Program normal exit"
"2004.12.21. at 11:59:07, Code : ***********************************************************"
"2004.12.21. at 12:00:29, Code : ***********************************************************"
"2004.12.21. at 12:00:29, Code : Starting program..."
"2004.12.21. at 12:00:43, Code : Program normal exit"
"2004.12.21. at 12:00:43, Code : ***********************************************************"
"2004.12.21. at 12:06:31, Code : ***********************************************************"
"2004.12.21. at 12:06:31, Code : Starting program..."
"2004.12.21. at 12:08:01, Code : Program normal exit"
"2004.12.21. at 12:08:02, Code : ***********************************************************"
"2004.12.21. at 12:08:27, Code : ***********************************************************"
"2004.12.21. at 12:08:27, Code : Starting program..."
"2004.12.21. at 12:08:57, Code : Program normal exit"
"2004.12.21. at 12:08:57, Code : ***********************************************************"
"2004.12.21. at 14:04:42, Code : ***********************************************************"
"2004.12.21. at 14:04:42, Code : Starting program..."
"2004.12.21. at 14:05:02, Code : Program normal exit"
"2004.12.21. at 14:05:02, Code : ***********************************************************"
"2004.12.21. at 14:25:11, Code : ***********************************************************"
"2004.12.21. at 14:25:11, Code : Starting program..."
"2004.12.21. at 14:27:04, Code : Program normal exit"
"2004.12.21. at 14:27:04, Code : ***********************************************************"
"2004.12.21. at 14:27:29, Code : ***********************************************************"
"2004.12.21. at 14:27:29, Code : Starting program..."
"2004.12.21. at 14:27:48, Code : Program normal exit"
"2004.12.21. at 14:27:48, Code : ***********************************************************"
"2005.01.27. at 13:57:06, Code : ***********************************************************"
"2005.01.27. at 13:57:06, Code : Starting program..."
"2005.01.27. at 13:57:42, Code : Program normal exit"
"2005.01.27. at 13:57:42, Code : ***********************************************************"
"2005.01.27. at 13:58:04, Code : ***********************************************************"
"2005.01.27. at 13:58:04, Code : Starting program..."
"2005.01.27. at 13:58:07, Code : Program normal exit"
"2005.01.27. at 13:58:07, Code : ***********************************************************"
"2005.01.27. at 14:18:22, Code : ***********************************************************"
"2005.01.27. at 14:18:22, Code : Starting program..."
"2005.01.27. at 14:18:27, Code : Program normal exit"
"2005.01.27. at 14:18:27, Code : ***********************************************************"
